Removed Pin From Net: NetName=REF Pin=C1-1
Removed Pin From Net: NetName=GND Pin=C1-2
Removed Pin From Net: NetName=GND Pin=C2-2
Removed Pin From Net: NetName=GND Pin=C3-1
Removed Pin From Net: NetName=GND Pin=C4-1
Removed Pin From Net: NetName=VIN Pin=P1-1
Removed Pin From Net: NetName=GND Pin=P1-2
Removed Pin From Net: NetName=GND Pin=P2-1
Removed Pin From Net: NetName=VOUT Pin=P2-2
Removed Pin From Net: NetName=GND Pin=P4-2
Removed Pin From Net: NetName=V Pin=P4-3
Removed Pin From Net: NetName=REF Pin=R2-1
Removed Pin From Net: NetName=VOUT Pin=R4-2
Removed Pin From Net: NetName=GND Pin=R7-1
Removed Pin From Net: NetName=VCC Pin=U1-2
Removed Pin From Net: NetName=GND Pin=U1-4
Removed Pin From Net: NetName=REF Pin=U1-6
Removed Pin From Net: NetName=GND Pin=U3-4
Removed Pin From Net: NetName=V Pin=U3-6
Removed Pin From Net: NetName=V Pin=U3-7
Removed Pin From Net: NetName=VCC Pin=U3-8
Removed Member From Class: ClassName=INA282 Member=C2
Removed Member From Class: ClassName=INA282 Member=C3
Removed Member From Class: ClassName=INA282 Member=C4
Removed Member From Class: ClassName=INA282 Member=R2
Removed Member From Class: ClassName=INA282 Member=R3
Removed Member From Class: ClassName=INA282 Member=R4
Removed Member From Class: ClassName=INA282 Member=R5
Removed Member From Class: ClassName=INA282 Member=R6
Removed Member From Class: ClassName=INA282 Member=R7
Removed Member From Class: ClassName=INA282 Member=U1
Removed Member From Class: ClassName=INA282 Member=U3
Added Component: Designator=C1(0805C)
Add component. Clean all parameters for all variants
Added Component: Designator=P1(HDR1X2)
Add component. Clean all parameters for all variants
Add component (AddParameter): Name = "LatestRevisionDate"; Value = "17-Jul-2002"; VariantName = "[No Variations]"
Add component (AddParameter): Name = "LatestRevisionNote"; Value = "Re-released for DXP Platform."; VariantName = "[No Variations]"
Add component (AddParameter): Name = "Publisher"; Value = "Altium Limited"; VariantName = "[No Variations]"
Added Component: Designator=P2(HDR1X2)
Add component. Clean all parameters for all variants
Add component (AddParameter): Name = "LatestRevisionDate"; Value = "17-Jul-2002"; VariantName = "[No Variations]"
Add component (AddParameter): Name = "LatestRevisionNote"; Value = "Re-released for DXP Platform."; VariantName = "[No Variations]"
Add component (AddParameter): Name = "Publisher"; Value = "Altium Limited"; VariantName = "[No Variations]"
Added Component: Designator=P4(HDR1X2)
Add component. Clean all parameters for all variants
Add component (AddParameter): Name = "LatestRevisionDate"; Value = "17-Jul-2002"; VariantName = "[No Variations]"
Add component (AddParameter): Name = "LatestRevisionNote"; Value = "Re-released for DXP Platform."; VariantName = "[No Variations]"
Add component (AddParameter): Name = "Publisher"; Value = "Altium Limited"; VariantName = "[No Variations]"
Added Component: Designator=U?(LM1117)
Add component. Clean all parameters for all variants
Added Pin To Net: NetName=GND Pin=C1-1
Added Pin To Net: NetName=VCC Pin=C1-2
Added Pin To Net: NetName=GND Pin=P1-1
Added Pin To Net: NetName=VIN Pin=P1-2
Added Pin To Net: NetName=VOUT Pin=P2-1
Added Pin To Net: NetName=GND Pin=P2-2
Added Pin To Net: NetName=GND Pin=P4-1
Added Pin To Net: NetName=V Pin=P4-2
Added Pin To Net: NetName=GND Pin=U?-1
Added Pin To Net: NetName=REF Pin=U?-2
Added Pin To Net: NetName=REF Pin=U?-2
Added Pin To Net: NetName=VCC Pin=U?-3
Added Member To Class: ClassName=INA282 Member=Component P1 Header 2
Added Member To Class: ClassName=INA282 Member=Component P4 Header 2
Added Member To Class: ClassName=INA282 Member=Component U? REF2912
Added Room: Name=INA282
